2015-05-20 16:24:47,665 [main] INFO (ContextLoader.java:285) ­ Root WebApplicationContext: initialization started
2015-05-20 16:24:47,793 [main] INFO (AbstractApplicationContext.java:510) ­ Refreshing Root WebApplicationContext: startup date [Wed May 20 16:24:47 WIB 2015]; root of context hierarchy
2015-05-20 16:24:47,841 [main] INFO (XmlBeanDefinitionReader.java:317) ­ Loading XML bean definitions from ServletContext resource [/WEB-INF/spring/root-context.xml]
2015-05-20 16:24:48,068 [main] INFO (ContextLoader.java:325) ­ Root WebApplicationContext: initialization completed in 397 ms
2015-05-20 16:24:48,211 [main] INFO (FrameworkServlet.java:484) ­ FrameworkServlet 'appServlet': initialization started
2015-05-20 16:24:48,214 [main] INFO (AbstractApplicationContext.java:510) ­ Refreshing WebApplicationContext for namespace 'appServlet-servlet': startup date [Wed May 20 16:24:48 WIB 2015]; parent: Root WebApplicationContext
2015-05-20 16:24:48,215 [main] INFO (XmlBeanDefinitionReader.java:317) ­ Loading XML bean definitions from ServletContext resource [/WEB-INF/spring/appServlet/servlet-context.xml]
2015-05-20 16:24:48,637 [main] INFO (AutowiredAnnotationBeanPostProcessor.java:153) ­ JSR-330 'javax.inject.Inject' annotation found and supported for autowiring
2015-05-20 16:24:49,023 [main] INFO (AbstractHandlerMethodMapping.java:217) ­ Mapped "{[/orders/add],methods=[POST],params=[],headers=[],consumes=[],produces=[],custom=[]}" onto public java.lang.String com.hendi.oms.controller.OrdersController.addOrders(com.hendi.oms.model.Orders)
2015-05-20 16:24:49,024 [main] INFO (AbstractHandlerMethodMapping.java:217) ­ Mapped "{[/orders],methods=[GET],params=[],headers=[],consumes=[],produces=[],custom=[]}" onto public java.lang.String com.hendi.oms.controller.OrdersController.listOrders(org.springframework.ui.Model)
2015-05-20 16:24:49,024 [main] INFO (AbstractHandlerMethodMapping.java:217) ­ Mapped "{[/orders/remove/{orderId}],methods=[],params=[],headers=[],consumes=[],produces=[],custom=[]}" onto public java.lang.String com.hendi.oms.controller.OrdersController.removeOrders(int)
2015-05-20 16:24:49,025 [main] INFO (AbstractHandlerMethodMapping.java:217) ­ Mapped "{[/orders/edit/{orderId}],methods=[],params=[],headers=[],consumes=[],produces=[],custom=[]}" onto public java.lang.String com.hendi.oms.controller.OrdersController.editOrdersById(int,org.springframework.ui.Model)
2015-05-20 16:24:49,027 [main] INFO (AbstractHandlerMethodMapping.java:217) ­ Mapped "{[/orderDetails/remove/{orderDetailsNo}],methods=[],params=[],headers=[],consumes=[],produces=[],custom=[]}" onto public java.lang.String com.hendi.oms.controller.OrderDetailsController.removeOrders(int)
2015-05-20 16:24:49,027 [main] INFO (AbstractHandlerMethodMapping.java:217) ­ Mapped "{[/orderDetails/edit/{orderDetailsNo}],methods=[],params=[],headers=[],consumes=[],produces=[],custom=[]}" onto public java.lang.String com.hendi.oms.controller.OrderDetailsController.editOrderDetailsById(int,org.springframework.ui.Model)
2015-05-20 16:24:49,028 [main] INFO (AbstractHandlerMethodMapping.java:217) ­ Mapped "{[/orderDetails/add],methods=[POST],params=[],headers=[],consumes=[],produces=[],custom=[]}" onto public java.lang.String com.hendi.oms.controller.OrderDetailsController.addOrderDetails(com.hendi.oms.model.OrderDetails)
2015-05-20 16:24:49,028 [main] INFO (AbstractHandlerMethodMapping.java:217) ­ Mapped "{[/orderDetails],methods=[GET],params=[],headers=[],consumes=[],produces=[],custom=[]}" onto public java.lang.String com.hendi.oms.controller.OrderDetailsController.listOrderDetails(org.springframework.ui.Model)
2015-05-20 16:24:49,032 [main] INFO (AbstractHandlerMethodMapping.java:217) ­ Mapped "{[/customers],methods=[GET],params=[],headers=[],consumes=[],produces=[],custom=[]}" onto public java.lang.String com.hendi.oms.controller.CustomerController.listCustomers(org.springframework.ui.Model)
2015-05-20 16:24:49,032 [main] INFO (AbstractHandlerMethodMapping.java:217) ­ Mapped "{[/customer/remove/{customerId}],methods=[],params=[],headers=[],consumes=[],produces=[],custom=[]}" onto public java.lang.String com.hendi.oms.controller.CustomerController.removeCustomer(int)
2015-05-20 16:24:49,033 [main] INFO (AbstractHandlerMethodMapping.java:217) ­ Mapped "{[/customers2],methods=[GET],params=[],headers=[],consumes=[],produces=[],custom=[]}" onto public java.lang.String com.hendi.oms.controller.CustomerController.listCustomers2(org.springframework.ui.Model)
2015-05-20 16:24:49,033 [main] INFO (AbstractHandlerMethodMapping.java:217) ­ Mapped "{[/show],methods=[GET],params=[],headers=[],consumes=[],produces=[],custom=[]}" onto public java.lang.String com.hendi.oms.controller.CustomerController.showCustomers(org.springframework.ui.Model)
2015-05-20 16:24:49,033 [main] INFO (AbstractHandlerMethodMapping.java:217) ­ Mapped "{[/customer/edit/{customerId}],methods=[],params=[],headers=[],consumes=[],produces=[],custom=[]}" onto public java.lang.String com.hendi.oms.controller.CustomerController.editCustomerById(int,org.springframework.ui.Model)
2015-05-20 16:24:49,034 [main] INFO (AbstractHandlerMethodMapping.java:217) ­ Mapped "{[/customer/add],methods=[POST],params=[],headers=[],consumes=[],produces=[],custom=[]}" onto public java.lang.String com.hendi.oms.controller.CustomerController.addCustomer(com.hendi.oms.model.Customer)
2015-05-20 16:24:49,037 [main] INFO (AbstractHandlerMethodMapping.java:217) ­ Mapped "{[/product/add],methods=[POST],params=[],headers=[],consumes=[],produces=[],custom=[]}" onto public java.lang.String com.hendi.oms.controller.ProductController.addProduct(com.hendi.oms.model.Product)
2015-05-20 16:24:49,037 [main] INFO (AbstractHandlerMethodMapping.java:217) ­ Mapped "{[/remove/{productId}],methods=[],params=[],headers=[],consumes=[],produces=[],custom=[]}" onto public java.lang.String com.hendi.oms.controller.ProductController.removeProduct(int)
2015-05-20 16:24:49,037 [main] INFO (AbstractHandlerMethodMapping.java:217) ­ Mapped "{[/edit/{productId}],methods=[],params=[],headers=[],consumes=[],produces=[],custom=[]}" onto public java.lang.String com.hendi.oms.controller.ProductController.editProductbyId(int,org.springframework.ui.Model)
2015-05-20 16:24:49,038 [main] INFO (AbstractHandlerMethodMapping.java:217) ­ Mapped "{[/],methods=[GET],params=[],headers=[],consumes=[],produces=[],custom=[]}" onto public java.lang.String com.hendi.oms.controller.ProductController.MainMenu(org.springframework.ui.Model)
2015-05-20 16:24:49,038 [main] INFO (AbstractHandlerMethodMapping.java:217) ­ Mapped "{[/products],methods=[GET],params=[],headers=[],consumes=[],produces=[],custom=[]}" onto public java.lang.String com.hendi.oms.controller.ProductController.listProducts(org.springframework.ui.Model)
2015-05-20 16:24:49,194 [main] INFO (Version.java:27) ­ HV000001: Hibernate Validator 5.1.3.Final
2015-05-20 16:24:50,262 [main] INFO (RequestMappingHandlerAdapter.java:517) ­ Looking for @ControllerAdvice: WebApplicationContext for namespace 'appServlet-servlet': startup date [Wed May 20 16:24:48 WIB 2015]; parent: Root WebApplicationContext
2015-05-20 16:24:50,336 [main] INFO (RequestMappingHandlerAdapter.java:517) ­ Looking for @ControllerAdvice: WebApplicationContext for namespace 'appServlet-servlet': startup date [Wed May 20 16:24:48 WIB 2015]; parent: Root WebApplicationContext
2015-05-20 16:24:50,516 [main] INFO (AbstractUrlHandlerMapping.java:314) ­ Mapped URL path [/resources/**] onto handler 'org.springframework.web.servlet.resource.ResourceHttpRequestHandler#0'
2015-05-20 16:24:50,741 [main] INFO (JavaReflectionManager.java:66) ­ HCANN000001: Hibernate Commons Annotations {4.0.5.Final}
2015-05-20 16:24:50,748 [main] INFO (Version.java:54) ­ HHH000412: Hibernate Core {4.3.8.Final}
2015-05-20 16:24:50,751 [main] INFO (Environment.java:239) ­ HHH000206: hibernate.properties not found
2015-05-20 16:24:50,752 [main] INFO (Environment.java:346) ­ HHH000021: Bytecode provider name : javassist
2015-05-20 16:24:52,144 [main] INFO (Dialect.java:145) ­ HHH000400: Using dialect: org.hibernate.dialect.MySQLDialect
2015-05-20 16:24:52,298 [main] INFO (TransactionFactoryInitiator.java:62) ­ HHH000399: Using default transaction strategy (direct JDBC transactions)
2015-05-20 16:24:52,302 [main] INFO (ASTQueryTranslatorFactory.java:47) ­ HHH000397: Using ASTQueryTranslatorFactory
2015-05-20 16:24:52,919 [main] INFO (HibernateTransactionManager.java:360) ­ Using DataSource [org.apache.commons.dbcp.BasicDataSource@5e6bbc91] of Hibernate SessionFactory for HibernateTransactionManager
2015-05-20 16:24:52,960 [main] INFO (FrameworkServlet.java:503) ­ FrameworkServlet 'appServlet': initialization completed in 4749 ms
2015-05-20 16:25:56,320 [qtp1766123713-17] INFO (CustomerDAOImpl.java:43) ­ Customer List :: customerId = 1 , cusFirstname = Uzumaki , cusLastname = Naruto , cusEmail = uzumaki_naruto@konohagakure.jp , cusPhoneNo = 081234567890 , cusCity = Konoha, cusProvince = Daun , cusCountry = Negara Api
2015-05-20 16:25:56,321 [qtp1766123713-17] INFO (CustomerDAOImpl.java:43) ­ Customer List :: customerId = 2 , cusFirstname = Uchiha , cusLastname = Sasuke , cusEmail = uchiha_sasuke@konohagakure.jp , cusPhoneNo = 081234567892 , cusCity = Konoha, cusProvince = Daun , cusCountry = Negara Api
2015-05-20 16:26:09,472 [qtp1766123713-19] INFO (ProductDAOImpl.java:41) ­ Product List :: productId = 1, productName = Comics Book, productDescription = Spiderman, unitPrice = 12500.0
2015-05-20 16:26:09,473 [qtp1766123713-19] INFO (ProductDAOImpl.java:41) ­ Product List :: productId = 2, productName = Comics Book, productDescription = Ironman, unitPrice = 15000.0
2015-05-20 16:26:09,473 [qtp1766123713-19] INFO (ProductDAOImpl.java:41) ­ Product List :: productId = 3, productName = ATK, productDescription = Pencil, unitPrice = 1350.0
2015-05-20 16:26:09,473 [qtp1766123713-19] INFO (ProductDAOImpl.java:41) ­ Product List :: productId = 4, productName = ATK, productDescription = Pulpen, unitPrice = 1250.2
2015-05-20 16:26:09,473 [qtp1766123713-19] INFO (ProductDAOImpl.java:41) ­ Product List :: productId = 5, productName = Magazine, productDescription = Femina, unitPrice = 7500.0
2015-05-20 16:26:09,473 [qtp1766123713-19] INFO (ProductDAOImpl.java:41) ­ Product List :: productId = 7, productName = Archive, productDescription = Folder Archives, unitPrice = 10.0
2015-05-20 16:26:09,474 [qtp1766123713-19] INFO (ProductDAOImpl.java:41) ­ Product List :: productId = 8, productName = Food, productDescription = Ichiraku Ramen4, unitPrice = 12500.45
2015-05-20 16:26:09,474 [qtp1766123713-19] INFO (ProductDAOImpl.java:41) ­ Product List :: productId = 9, productName = Archive, productDescription = Folder Archives, unitPrice = 4500.1
2015-05-20 16:26:09,474 [qtp1766123713-19] INFO (ProductDAOImpl.java:41) ­ Product List :: productId = 11, productName = Magazine, productDescription = Ummi, unitPrice = 12300.0
2015-05-20 16:26:09,482 [qtp1766123713-19] INFO (CustomerDAOImpl.java:43) ­ Customer List :: customerId = 1 , cusFirstname = Uzumaki , cusLastname = Naruto , cusEmail = uzumaki_naruto@konohagakure.jp , cusPhoneNo = 081234567890 , cusCity = Konoha, cusProvince = Daun , cusCountry = Negara Api
2015-05-20 16:26:09,482 [qtp1766123713-19] INFO (CustomerDAOImpl.java:43) ­ Customer List :: customerId = 2 , cusFirstname = Uchiha , cusLastname = Sasuke , cusEmail = uchiha_sasuke@konohagakure.jp , cusPhoneNo = 081234567892 , cusCity = Konoha, cusProvince = Daun , cusCountry = Negara Api
2015-05-20 16:26:29,541 [Thread-2] INFO (AbstractApplicationContext.java:862) ­ Closing WebApplicationContext for namespace 'appServlet-servlet': startup date [Wed May 20 16:24:48 WIB 2015]; parent: Root WebApplicationContext
2015-05-20 16:26:29,564 [Thread-2] INFO (AbstractApplicationContext.java:862) ­ Closing Root WebApplicationContext: startup date [Wed May 20 16:24:47 WIB 2015]; root of context hierarchy
